<?xml version="1.0" encoding="UTF-8"?>
<!-- Generated by org.testng.reporters.JUnitReportReporter -->
<testsuite hostname="THYAGARAJULUs-MacBook-Pro.local" name="com.yahoo.weather.platform.WeatherTest" tests="1" failures="0" timestamp="13 Apr 2016 06:51:05 GMT" time="1.209" errors="0">
  <testcase name="testgetCustomerNameHttp" time="1.209" classname="com.yahoo.weather.platform.WeatherTest"/>
</testsuite> <!-- com.yahoo.weather.platform.WeatherTest -->
